1547001123282	mozrunner::runner	INFO	Running command: "/Applications/Firefox.app/Contents/MacOS/firefox-bin" "-marionette" "-foreground" "-no-remote" "-profile" "/var/folders/8z/kgcyrtbx1tq9h_pc3471jczc0000gn/T/rust_mozprofile.gEnYbgqp6sFd"
1547001128927	addons.webextension.screenshots@mozilla.org	WARN	Loading extension 'screenshots@mozilla.org': Reading manifest: Invalid host permission: resource://pdf.js/
1547001128927	addons.webextension.screenshots@mozilla.org	WARN	Loading extension 'screenshots@mozilla.org': Reading manifest: Invalid host permission: about:reader*
Can't find symbol 'GetGraphicsResetStatus'.
1547001130322	Marionette	INFO	Listening on port 63855
1547001655098	mozrunner::runner	INFO	Running command: "/Applications/Firefox.app/Contents/MacOS/firefox-bin" "-marionette" "-foreground" "-no-remote" "-profile" "/var/folders/8z/kgcyrtbx1tq9h_pc3471jczc0000gn/T/rust_mozprofile.xJYpnAJfpEwP"
1547001655637	addons.webextension.screenshots@mozilla.org	WARN	Loading extension 'screenshots@mozilla.org': Reading manifest: Invalid host permission: resource://pdf.js/
1547001655637	addons.webextension.screenshots@mozilla.org	WARN	Loading extension 'screenshots@mozilla.org': Reading manifest: Invalid host permission: about:reader*
Can't find symbol 'GetGraphicsResetStatus'.
1547001656893	Marionette	INFO	Listening on port 49762
1547001656946	Marionette	WARN	TLS certificate errors will be ignored for this session
1547001793969	mozrunner::runner	INFO	Running command: "/Applications/Firefox.app/Contents/MacOS/firefox-bin" "-marionette" "-foreground" "-no-remote" "-profile" "/var/folders/8z/kgcyrtbx1tq9h_pc3471jczc0000gn/T/rust_mozprofile.V3RHRMS8fpx8"
1547001794496	addons.webextension.screenshots@mozilla.org	WARN	Loading extension 'screenshots@mozilla.org': Reading manifest: Invalid host permission: resource://pdf.js/
1547001794496	addons.webextension.screenshots@mozilla.org	WARN	Loading extension 'screenshots@mozilla.org': Reading manifest: Invalid host permission: about:reader*
Can't find symbol 'GetGraphicsResetStatus'.
1547001795791	Marionette	INFO	Listening on port 50370
1547001795826	Marionette	WARN	TLS certificate errors will be ignored for this session
1547001796740	Marionette	INFO	Stopped listening on port 49762
console.error: BroadcastService: 
  receivedBroadcastMessage: handler for
  remote-settings/monitor_changes
  threw error:
  Message: Error: Polling for changes failed: NetworkError when attempting to fetch resource..
  Stack:
    remoteSettingsFunction/remoteSettings.pollChanges@resource://services-settings/remote-settings.js:750:13

console.error: BroadcastService: 
  receivedBroadcastMessage: handler for
  remote-settings/monitor_changes
  threw error:
  Message: Error: Polling for changes failed: NetworkError when attempting to fetch resource..
  Stack:
    remoteSettingsFunction/remoteSettings.pollChanges@resource://services-settings/remote-settings.js:750:13

Can't find symbol 'GetGraphicsResetStatus'.
1547002712471	mozrunner::runner	INFO	Running command: "/Applications/Firefox.app/Contents/MacOS/firefox-bin" "-marionette" "-foreground" "-no-remote" "-profile" "/var/folders/8z/kgcyrtbx1tq9h_pc3471jczc0000gn/T/rust_mozprofile.9TwlD47w347f"
1547002712955	addons.webextension.screenshots@mozilla.org	WARN	Loading extension 'screenshots@mozilla.org': Reading manifest: Invalid host permission: resource://pdf.js/
1547002712956	addons.webextension.screenshots@mozilla.org	WARN	Loading extension 'screenshots@mozilla.org': Reading manifest: Invalid host permission: about:reader*
Can't find symbol 'GetGraphicsResetStatus'.
1547002714234	Marionette	INFO	Listening on port 54267
1547002714302	Marionette	WARN	TLS certificate errors will be ignored for this session
1547002768589	Marionette	INFO	Stopped listening on port 54267
1547002819801	mozrunner::runner	INFO	Running command: "/Applications/Firefox.app/Contents/MacOS/firefox-bin" "-marionette" "-foreground" "-no-remote" "-profile" "/var/folders/8z/kgcyrtbx1tq9h_pc3471jczc0000gn/T/rust_mozprofile.BBt4e7WGo7Bs"
1547002820299	addons.webextension.screenshots@mozilla.org	WARN	Loading extension 'screenshots@mozilla.org': Reading manifest: Invalid host permission: resource://pdf.js/
1547002820299	addons.webextension.screenshots@mozilla.org	WARN	Loading extension 'screenshots@mozilla.org': Reading manifest: Invalid host permission: about:reader*
Can't find symbol 'GetGraphicsResetStatus'.
1547002821567	Marionette	INFO	Listening on port 55005
1547002821652	Marionette	WARN	TLS certificate errors will be ignored for this session
console.error: BroadcastService: 
  receivedBroadcastMessage: handler for
  remote-settings/monitor_changes
  threw error:
  Message: Error: Polling for changes failed: NetworkError when attempting to fetch resource..
  Stack:
    remoteSettingsFunction/remoteSettings.pollChanges@resource://services-settings/remote-settings.js:750:13

1547002874183	Marionette	INFO	Stopped listening on port 55005
1547002925669	mozrunner::runner	INFO	Running command: "/Applications/Firefox.app/Contents/MacOS/firefox-bin" "-marionette" "-foreground" "-no-remote" "-profile" "/var/folders/8z/kgcyrtbx1tq9h_pc3471jczc0000gn/T/rust_mozprofile.SWVYbsqVuwvt"
1547002926110	addons.webextension.screenshots@mozilla.org	WARN	Loading extension 'screenshots@mozilla.org': Reading manifest: Invalid host permission: resource://pdf.js/
1547002926110	addons.webextension.screenshots@mozilla.org	WARN	Loading extension 'screenshots@mozilla.org': Reading manifest: Invalid host permission: about:reader*
Can't find symbol 'GetGraphicsResetStatus'.
1547002927360	Marionette	INFO	Listening on port 55700
1547002927410	Marionette	WARN	TLS certificate errors will be ignored for this session
console.error: BroadcastService: 
  receivedBroadcastMessage: handler for
  remote-settings/monitor_changes
  threw error:
  Message: Error: Polling for changes failed: NetworkError when attempting to fetch resource..
  Stack:
    remoteSettingsFunction/remoteSettings.pollChanges@resource://services-settings/remote-settings.js:750:13

1547002980756	Marionette	INFO	Stopped listening on port 55700
1547003127151	mozrunner::runner	INFO	Running command: "/Applications/Firefox.app/Contents/MacOS/firefox-bin" "-marionette" "-foreground" "-no-remote" "-profile" "/var/folders/8z/kgcyrtbx1tq9h_pc3471jczc0000gn/T/rust_mozprofile.5qlZ8vR2Bn35"
1547003127600	addons.webextension.screenshots@mozilla.org	WARN	Loading extension 'screenshots@mozilla.org': Reading manifest: Invalid host permission: resource://pdf.js/
1547003127600	addons.webextension.screenshots@mozilla.org	WARN	Loading extension 'screenshots@mozilla.org': Reading manifest: Invalid host permission: about:reader*
Can't find symbol 'GetGraphicsResetStatus'.
1547003128869	Marionette	INFO	Listening on port 56786
1547003128916	Marionette	WARN	TLS certificate errors will be ignored for this session
console.warn: "Failed to enumerate localStorage for host https://ad.afy11.net: [Exception... \"Component is not available\"  nsresult: \"0x80040111 (NS_ERROR_NOT_AVAILABLE)\"  location: \"JS frame :: resource://devtools/shared/base-loader.js -> resource://devtools/server/actors/storage.js :: populateStoresForHost :: line 1173\"  data: no]"
console.warn: "Failed to enumerate sessionStorage for host https://ad.afy11.net: [Exception... \"Component is not available\"  nsresult: \"0x80040111 (NS_ERROR_NOT_AVAILABLE)\"  location: \"JS frame :: resource://devtools/shared/base-loader.js -> resource://devtools/server/actors/storage.js :: populateStoresForHost :: line 1173\"  data: no]"
JavaScript warning: resource://devtools/shared/base-loader.js -> resource://devtools/client/shared/demangle.js, line 0: Successfully compiled asm.js code (total compilation time 66ms; unable to cache asm.js in synchronous scripts; try loading asm.js via <script async> or createElement('script'))
console.error: "TypeError: this.transport is null: send@resource://devtools/shared/base-loader.js -> resource://devtools/server/main.js:1031:5\n_sendEvent@resource://devtools/shared/base-loader.js -> resource://devtools/shared/protocol.js:1022:5\nActor/<@resource://devtools/shared/base-loader.js -> resource://devtools/shared/protocol.js:991:9\nemit@resource://devtools/shared/base-loader.js -> resource://devtools/shared/event-emitter.js:178:15\nemit@resource://devtools/shared/base-loader.js -> resource://devtools/shared/event-emitter.js:255:5\n_matchesChange@resource://devtools/shared/base-loader.js -> resource://devtools/server/actors/stylesheets.js:122:5\n"
TypeError: this.transport is null: send@resource://devtools/shared/base-loader.js -> resource://devtools/server/main.js:1031:5
_sendEvent@resource://devtools/shared/base-loader.js -> resource://devtools/shared/protocol.js:1022:5
Actor/<@resource://devtools/shared/base-loader.js -> resource://devtools/shared/protocol.js:991:9
emit@resource://devtools/shared/base-loader.js -> resource://devtools/shared/event-emitter.js:178:15
emit@resource://devtools/shared/base-loader.js -> resource://devtools/shared/event-emitter.js:255:5
_matchesChange@resource://devtools/shared/base-loader.js -> resource://devtools/server/actors/stylesheets.js:122:5

1547004206902	Marionette	INFO	Stopped listening on port 56786
1547004217148	Marionette	INFO	Stopped listening on port 50370
1547004222161	Marionette	INFO	Stopped listening on port 63855
1547004343397	mozrunner::runner	INFO	Running command: "/Applications/Firefox.app/Contents/MacOS/firefox-bin" "-marionette" "-foreground" "-no-remote" "-profile" "/var/folders/8z/kgcyrtbx1tq9h_pc3471jczc0000gn/T/rust_mozprofile.i4UOlWqInaFE"
1547004343882	addons.webextension.screenshots@mozilla.org	WARN	Loading extension 'screenshots@mozilla.org': Reading manifest: Invalid host permission: resource://pdf.js/
1547004343882	addons.webextension.screenshots@mozilla.org	WARN	Loading extension 'screenshots@mozilla.org': Reading manifest: Invalid host permission: about:reader*
Can't find symbol 'GetGraphicsResetStatus'.
1547004345183	Marionette	INFO	Listening on port 58307
1547004345229	Marionette	WARN	TLS certificate errors will be ignored for this session
console.error: BroadcastService: 
  receivedBroadcastMessage: handler for
  remote-settings/monitor_changes
  threw error:
  Message: Error: Polling for changes failed: NetworkError when attempting to fetch resource..
  Stack:
    remoteSettingsFunction/remoteSettings.pollChanges@resource://services-settings/remote-settings.js:750:13

1547005264885	Marionette	INFO	Stopped listening on port 58307
1547005297336	mozrunner::runner	INFO	Running command: "/Applications/Firefox.app/Contents/MacOS/firefox-bin" "-marionette" "-foreground" "-no-remote" "-profile" "/var/folders/8z/kgcyrtbx1tq9h_pc3471jczc0000gn/T/rust_mozprofile.VozsLSa3RKBT"
1547005297790	addons.webextension.screenshots@mozilla.org	WARN	Loading extension 'screenshots@mozilla.org': Reading manifest: Invalid host permission: resource://pdf.js/
1547005297790	addons.webextension.screenshots@mozilla.org	WARN	Loading extension 'screenshots@mozilla.org': Reading manifest: Invalid host permission: about:reader*
Can't find symbol 'GetGraphicsResetStatus'.
1547005299029	Marionette	INFO	Listening on port 60954
1547005299073	Marionette	WARN	TLS certificate errors will be ignored for this session
1547005347040	Marionette	INFO	Stopped listening on port 60954
1547005352734	mozrunner::runner	INFO	Running command: "/Applications/Firefox.app/Contents/MacOS/firefox-bin" "-marionette" "-foreground" "-no-remote" "-profile" "/var/folders/8z/kgcyrtbx1tq9h_pc3471jczc0000gn/T/rust_mozprofile.IpAyYOCDUyau"
1547005353179	addons.webextension.screenshots@mozilla.org	WARN	Loading extension 'screenshots@mozilla.org': Reading manifest: Invalid host permission: resource://pdf.js/
1547005353179	addons.webextension.screenshots@mozilla.org	WARN	Loading extension 'screenshots@mozilla.org': Reading manifest: Invalid host permission: about:reader*
Can't find symbol 'GetGraphicsResetStatus'.
1547005354417	Marionette	INFO	Listening on port 61275
1547005354472	Marionette	WARN	TLS certificate errors will be ignored for this session
1547005832005	Marionette	INFO	Stopped listening on port 61275
1547006234251	mozrunner::runner	INFO	Running command: "/Applications/Firefox.app/Contents/MacOS/firefox-bin" "-marionette" "-foreground" "-no-remote" "-profile" "/var/folders/8z/kgcyrtbx1tq9h_pc3471jczc0000gn/T/rust_mozprofile.HXdc6a2dY4fZ"
1547006234690	addons.webextension.screenshots@mozilla.org	WARN	Loading extension 'screenshots@mozilla.org': Reading manifest: Invalid host permission: resource://pdf.js/
1547006234690	addons.webextension.screenshots@mozilla.org	WARN	Loading extension 'screenshots@mozilla.org': Reading manifest: Invalid host permission: about:reader*
Can't find symbol 'GetGraphicsResetStatus'.
1547006235930	Marionette	INFO	Listening on port 61690
1547006235985	Marionette	WARN	TLS certificate errors will be ignored for this session
console.error: BroadcastService: 
  receivedBroadcastMessage: handler for
  remote-settings/monitor_changes
  threw error:
  Message: Error: Polling for changes failed: NetworkError when attempting to fetch resource..
  Stack:
    remoteSettingsFunction/remoteSettings.pollChanges@resource://services-settings/remote-settings.js:750:13


###!!! [Child][MessageChannel] Error: (msgtype=0x580029,name=PNecko::Msg_RemoveRequestContext) Channel closing: too late to send/recv, messages will be lost


###!!! [Child][RunMessage] Error: Channel closing: too late to send/recv, messages will be lost


###!!! [Child][RunMessage] Error: Channel closing: too late to send/recv, messages will be lost


###!!! [Child][RunMessage] Error: Channel closing: too late to send/recv, messages will be lost

1547007243390	mozrunner::runner	INFO	Running command: "/Applications/Firefox.app/Contents/MacOS/firefox-bin" "-marionette" "-foreground" "-no-remote" "-profile" "/var/folders/8z/kgcyrtbx1tq9h_pc3471jczc0000gn/T/rust_mozprofile.2JhSxfZ596kt"
1547007243853	addons.webextension.screenshots@mozilla.org	WARN	Loading extension 'screenshots@mozilla.org': Reading manifest: Invalid host permission: resource://pdf.js/
1547007243854	addons.webextension.screenshots@mozilla.org	WARN	Loading extension 'screenshots@mozilla.org': Reading manifest: Invalid host permission: about:reader*
Can't find symbol 'GetGraphicsResetStatus'.
1547007245095	Marionette	INFO	Listening on port 62241
1547007245149	Marionette	WARN	TLS certificate errors will be ignored for this session
1547007410288	Marionette	INFO	Stopped listening on port 62241
Can't find symbol 'GetGraphicsResetStatus'.
Can't find symbol 'GetGraphicsResetStatus'.
1547007462956	Marionette	INFO	Stopped listening on port 61690
